Unity Editor version:    2020.3.22f1 (e1a7f79fd887)
Branch:                  2020.3/staging
Build type:              Release
Batch mode:              YES
macOS version:           Version 12.1 (Build 21C52)
Darwin version:          21.2.0
Architecture:            x86_64
Running under Rosetta:   YES
Available memory:        16384 MB
Using pre-set license
Pro License: NO

COMMAND LINE ARGUMENTS:
/Applications/Unity/Hub/Editor/2020.3.22f1/Unity.app/Contents/MacOS/Unity
-adb2
-batchMode
-noUpm
-name
AssetImportWorker0
-projectPath
/Users/kacpergrela/Documents/Unity/flappybird
-logFile
Logs/AssetImportWorker0.log
-srvPort
62266
Successfully changed project path to: /Users/kacpergrela/Documents/Unity/flappybird
/Users/kacpergrela/Documents/Unity/flappybird
Using Asset Import Pipeline V2.
Refreshing native plugins compatible for Editor in 53.82 ms, found 4 plugins.
Preloading 0 native plugins for Editor in 0.00 ms.
Initialize engine version: 2020.3.22f1 (e1a7f79fd887)
[Subsystems] Discovering subsystems at path /Applications/Unity/Hub/Editor/2020.3.22f1/Unity.app/Contents/Resources/UnitySubsystems
[Subsystems] Discovering subsystems at path /Users/kacpergrela/Documents/Unity/flappybird/Assets
GfxDevice: creating device client; threaded=0
2022-04-03 14:52:41.872 Unity[21477:927441] (null) preferred device: Apple M1 (high power)
2022-04-03 14:52:41.872 Unity[21477:927441] Metal devices available: 1
2022-04-03 14:52:41.872 Unity[21477:927441] 0: Apple M1 (high power)
2022-04-03 14:52:41.872 Unity[21477:927441] Using device Apple M1 (high power)
Initializing Metal device caps: Apple M1
Initialize mono
Mono path[0] = '/Applications/Unity/Hub/Editor/2020.3.22f1/Unity.app/Contents/Managed'
Mono path[1] = '/Applications/Unity/Hub/Editor/2020.3.22f1/Unity.app/Contents/MonoBleedingEdge/lib/mono/unityjit'
Mono config path = '/Applications/Unity/Hub/Editor/2020.3.22f1/Unity.app/Contents/MonoBleedingEdge/etc'
Using monoOptions --debugger-agent=transport=dt_socket,embedding=1,server=y,suspend=n,address=127.0.0.1:56477
Begin MonoManager ReloadAssembly
Registering precompiled unity dll's ...
Register platform support module: /Applications/Unity/Hub/Editor/2020.3.22f1/Unity.app/Contents/PlaybackEngines/MacStandaloneSupport/UnityEditor.OSXStandalone.Extensions.dll
Registered in 0.001171 seconds.
Native extension for OSXStandalone target not found
Refreshing native plugins compatible for Editor in 49.10 ms, found 4 plugins.
Preloading 0 native plugins for Editor in 0.00 ms.
Mono: successfully reloaded assembly
- Completed reload, in  3.169 seconds
Domain Reload Profiling:
	ReloadAssembly (3169ms)
		BeginReloadAssembly (94ms)
			ExecutionOrderSort (0ms)
			DisableScriptedObjects (0ms)
			BackupInstance (0ms)
			ReleaseScriptingObjects (0ms)
			CreateAndSetChildDomain (4ms)
		EndReloadAssembly (991ms)
			LoadAssemblies (90ms)
			RebuildTransferFunctionScriptingTraits (0ms)
			SetupTypeCache (173ms)
			ReleaseScriptCaches (0ms)
			RebuildScriptCaches (40ms)
			SetupLoadedEditorAssemblies (523ms)
				LogAssemblyErrors (0ms)
				InitializePlatformSupportModulesInManaged (10ms)
				SetLoadedEditorAssemblies (0ms)
				RefreshPlugins (49ms)
				BeforeProcessingInitializeOnLoad (81ms)
				ProcessInitializeOnLoadAttributes (284ms)
				ProcessInitializeOnLoadMethodAttributes (97ms)
				AfterProcessingInitializeOnLoad (0ms)
				EditorAssembliesLoaded (1ms)
			ExecutionOrderSort2 (0ms)
			AwakeInstancesAfterBackupRestoration (0ms)
Platform modules already initialized, skipping
Registering precompiled user dll's ...
Registered in 0.009229 seconds.
Begin MonoManager ReloadAssembly
Native extension for OSXStandalone target not found
Refreshing native plugins compatible for Editor in 55.09 ms, found 4 plugins.
Preloading 0 native plugins for Editor in 0.00 ms.
Mono: successfully reloaded assembly
- Completed reload, in  2.484 seconds
Domain Reload Profiling:
	ReloadAssembly (2486ms)
		BeginReloadAssembly (257ms)
			ExecutionOrderSort (0ms)
			DisableScriptedObjects (31ms)
			BackupInstance (0ms)
			ReleaseScriptingObjects (0ms)
			CreateAndSetChildDomain (30ms)
		EndReloadAssembly (2133ms)
			LoadAssemblies (210ms)
			RebuildTransferFunctionScriptingTraits (0ms)
			SetupTypeCache (367ms)
			ReleaseScriptCaches (1ms)
			RebuildScriptCaches (60ms)
			SetupLoadedEditorAssemblies (1158ms)
				LogAssemblyErrors (0ms)
				InitializePlatformSupportModulesInManaged (13ms)
				SetLoadedEditorAssemblies (0ms)
				RefreshPlugins (55ms)
				BeforeProcessingInitializeOnLoad (178ms)
				ProcessInitializeOnLoadAttributes (863ms)
				ProcessInitializeOnLoadMethodAttributes (46ms)
				AfterProcessingInitializeOnLoad (1ms)
				EditorAssembliesLoaded (0ms)
			ExecutionOrderSort2 (0ms)
			AwakeInstancesAfterBackupRestoration (33ms)
Platform modules already initialized, skipping
Validating Project structure ... 0.000419 seconds.
Shader import version has changed; will reimport all shaders...
Upgrading shader files ...0.000548 seconds.
Application.AssetDatabase Initial Script Refresh Start
RefreshInfo: InitialScriptRefreshV2(NoUpdateAssetOptions) scanfilter:  ... 1 filters
RefreshProfiler: Total: 0.000ms
Application.AssetDatabase Initial Script Refresh End
Application.AssetDatabase.Refresh Start
Application.AssetDatabase.Refresh End
RefreshInfo: StopAssetImportingV2(ForceSynchronousImport) scanfilter: 
RefreshProfiler: Total: 0.000ms
Launching external process: /Applications/Unity/Hub/Editor/2020.3.22f1/Unity.app/Contents/Tools/UnityShaderCompiler
Launched and connected shader compiler UnityShaderCompiler after 0.03 seconds
Initializing Unity extensions:
2022-04-03 14:52:48.944 Unity[21477:927441] NSEventModifierFlagFunction specified to -setKeyEquivalentModifierMask: for item <NSMenuItem: 0x600001384d90 Font Asset, ke='Command-F12'>, but is only supported for system-provided menu items; will not be used
2022-04-03 14:52:48.947 Unity[21477:927441] NSEventModifierFlagFunction specified to -setKeyEquivalentModifierMask: for item <NSMenuItem: 0x6000013f6840 Font Asset, ke='Command-F12'>, but is only supported for system-provided menu items; will not be used
========================================================================
Worker process is ready to serve import requests
Refreshing native plugins compatible for Editor in 0.44 ms, found 4 plugins.
Preloading 0 native plugins for Editor in 0.00 ms.
Unloading 2304 Unused Serialized files (Serialized files now loaded: 0)
System memory in use before: 210.9 MB.
System memory in use after: 210.2 MB.

Unloading 133 unused Assets to reduce memory usage. Loaded Objects now: 2788.
Total: 2.723542 ms (FindLiveObjects: 0.131292 ms CreateObjectMapping: 0.045500 ms MarkObjects: 2.140042 ms  DeleteObjects: 0.405792 ms)

AssetImportParameters requested are different than current active one (requested -> active):
  custom:video-decoder-ogg-theora: a1e56fd34408186e4bbccfd4996cb3dc -> 
  custom:container-muxer-webm: aa71ff27fc2769a1b78a27578f13a17b -> 
  custom:container-demuxer-webm: 4f35f7cbe854078d1ac9338744f61a02 -> 
  custom:container-demuxer-ogg: 62fdf1f143b41e24485cea50d1cbac27 -> 
  custom:video-encoder-webm-vp8: eb34c28f22e8b96e1ab97ce403110664 -> 
  custom:framework-osx-AVFoundation: e770b220cccbd017edd2c1fefb359320 -> 
  custom:video-decoder-webm-vp8: 9c59270c3fd7afecdb556c50c9e8de78 -> 
  custom:audio-decoder-ogg-vorbis: bf7c407c2cedff20999df2af8eb42d56 -> 
  custom:audio-encoder-webm-vorbis: bf7c407c2cedff20999df2af8eb42d56 -> 
========================================================================
Received Import Request.
  path: Assets/Assets/Mobile - Flappy Bird - Version 12 Sprites.png
  artifactKey: Guid(57497123c7a49408a833dfa31b341928) Importer(815301076,1909f56bfc062723c751e8b465ee728b)
Start importing Assets/Assets/Mobile - Flappy Bird - Version 12 Sprites.png using Guid(57497123c7a49408a833dfa31b341928) Importer(815301076,1909f56bfc062723c751e8b465ee728b)  -> (artifact id: '585c9f9907ff4a51cdc7096b4a4dceaa') in 0.571478 seconds 
  Import took 0.574533 seconds .

========================================================================
Received Import Request.
  Time since last request: 0.002999 seconds.
  path: Assets/Assets
  artifactKey: Guid(f444fe541a9d94a408b2d795a3c8315d) Importer(815301076,1909f56bfc062723c751e8b465ee728b)
Start importing Assets/Assets using Guid(f444fe541a9d94a408b2d795a3c8315d) Importer(815301076,1909f56bfc062723c751e8b465ee728b)  -> (artifact id: '26ea5c54751ad91b94a590990042b255') in 0.001077 seconds 
  Import took 0.003740 seconds .

========================================================================
Received Import Request.
  Time since last request: 30.177451 seconds.
  path: Assets/Assets/Mobile - Flappy Bird - Version 12 Sprites.png
  artifactKey: Guid(57497123c7a49408a833dfa31b341928) Importer(815301076,1909f56bfc062723c751e8b465ee728b)
Start importing Assets/Assets/Mobile - Flappy Bird - Version 12 Sprites.png using Guid(57497123c7a49408a833dfa31b341928) Importer(815301076,1909f56bfc062723c751e8b465ee728b)  -> (artifact id: '9faad3bd8bb3a988681d3e7a435d2d59') in 0.021945 seconds 
  Import took 0.040988 seconds .

========================================================================
Received Import Request.
  Time since last request: 318.074037 seconds.
  path: Assets/Assets/Mobile - Flappy Bird - Version 12 Sprites.png
  artifactKey: Guid(57497123c7a49408a833dfa31b341928) Importer(815301076,1909f56bfc062723c751e8b465ee728b)
Start importing Assets/Assets/Mobile - Flappy Bird - Version 12 Sprites.png using Guid(57497123c7a49408a833dfa31b341928) Importer(815301076,1909f56bfc062723c751e8b465ee728b)  -> (artifact id: '4fb0f05979ecb5a6cf682d0c7c017def') in 0.109239 seconds 
  Import took 0.123245 seconds .

========================================================================
Received Import Request.
  Time since last request: 15.996760 seconds.
  path: Assets/Assets/Mobile - Flappy Bird - Version 12 Sprites.png
  artifactKey: Guid(57497123c7a49408a833dfa31b341928) Importer(815301076,1909f56bfc062723c751e8b465ee728b)
Start importing Assets/Assets/Mobile - Flappy Bird - Version 12 Sprites.png using Guid(57497123c7a49408a833dfa31b341928) Importer(815301076,1909f56bfc062723c751e8b465ee728b)  -> (artifact id: '50316513c2d27c8bbdbf29a8b0d282ef') in 0.083047 seconds 
  Import took 0.086571 seconds .

========================================================================
Received Prepare
Registering precompiled user dll's ...
Registered in 0.008570 seconds.
Begin MonoManager ReloadAssembly
Native extension for OSXStandalone target not found
Refreshing native plugins compatible for Editor in 0.71 ms, found 4 plugins.
Preloading 0 native plugins for Editor in 0.00 ms.
2022-04-03 14:59:25.701 Unity[21477:927441] NSEventModifierFlagFunction specified to -setKeyEquivalentModifierMask: for item <NSMenuItem: 0x600001386e60 Font Asset, ke='Command-F12'>, but is only supported for system-provided menu items; will not be used
Mono: successfully reloaded assembly
- Completed reload, in  2.640 seconds
Domain Reload Profiling:
	ReloadAssembly (2642ms)
		BeginReloadAssembly (286ms)
			ExecutionOrderSort (0ms)
			DisableScriptedObjects (48ms)
			BackupInstance (0ms)
			ReleaseScriptingObjects (0ms)
			CreateAndSetChildDomain (107ms)
		EndReloadAssembly (2240ms)
			LoadAssemblies (247ms)
			RebuildTransferFunctionScriptingTraits (0ms)
			SetupTypeCache (422ms)
			ReleaseScriptCaches (2ms)
			RebuildScriptCaches (61ms)
			SetupLoadedEditorAssemblies (1211ms)
				LogAssemblyErrors (0ms)
				InitializePlatformSupportModulesInManaged (18ms)
				SetLoadedEditorAssemblies (2ms)
				RefreshPlugins (1ms)
				BeforeProcessingInitializeOnLoad (268ms)
				ProcessInitializeOnLoadAttributes (885ms)
				ProcessInitializeOnLoadMethodAttributes (36ms)
				AfterProcessingInitializeOnLoad (1ms)
				EditorAssembliesLoaded (0ms)
			ExecutionOrderSort2 (0ms)
			AwakeInstancesAfterBackupRestoration (36ms)
Platform modules already initialized, skipping
Refreshing native plugins compatible for Editor in 0.50 ms, found 4 plugins.
Preloading 0 native plugins for Editor in 0.00 ms.
Unloading 2292 Unused Serialized files (Serialized files now loaded: 0)
System memory in use before: 212.9 MB.
System memory in use after: 213.1 MB.

Unloading 48 unused Assets to reduce memory usage. Loaded Objects now: 2840.
Total: 2.307833 ms (FindLiveObjects: 0.140292 ms CreateObjectMapping: 0.046958 ms MarkObjects: 2.089208 ms  DeleteObjects: 0.030250 ms)

AssetImportParameters requested are different than current active one (requested -> active):
  custom:video-decoder-ogg-theora: a1e56fd34408186e4bbccfd4996cb3dc -> 
  custom:container-muxer-webm: aa71ff27fc2769a1b78a27578f13a17b -> 
  custom:container-demuxer-webm: 4f35f7cbe854078d1ac9338744f61a02 -> 
  custom:container-demuxer-ogg: 62fdf1f143b41e24485cea50d1cbac27 -> 
  custom:video-encoder-webm-vp8: eb34c28f22e8b96e1ab97ce403110664 -> 
  custom:framework-osx-AVFoundation: e770b220cccbd017edd2c1fefb359320 -> 
  custom:video-decoder-webm-vp8: 9c59270c3fd7afecdb556c50c9e8de78 -> 
  custom:audio-decoder-ogg-vorbis: bf7c407c2cedff20999df2af8eb42d56 -> 
  custom:audio-encoder-webm-vorbis: bf7c407c2cedff20999df2af8eb42d56 -> 
========================================================================
Received Import Request.
  Time since last request: 613.713807 seconds.
  path: Assets/Assets/Mobile - Flappy Bird - Version 12 Sprites.png
  artifactKey: Guid(57497123c7a49408a833dfa31b341928) Importer(815301076,1909f56bfc062723c751e8b465ee728b)
Start importing Assets/Assets/Mobile - Flappy Bird - Version 12 Sprites.png using Guid(57497123c7a49408a833dfa31b341928) Importer(815301076,1909f56bfc062723c751e8b465ee728b)  -> (artifact id: '03e845f25149c756d0919062dce9e9af') in 0.249632 seconds 
  Import took 0.267869 seconds .

========================================================================
Received Import Request.
  Time since last request: 63.891231 seconds.
  path: Assets/Assets/Mobile - Flappy Bird - Version 12 Sprites.png
  artifactKey: Guid(57497123c7a49408a833dfa31b341928) Importer(815301076,1909f56bfc062723c751e8b465ee728b)
Start importing Assets/Assets/Mobile - Flappy Bird - Version 12 Sprites.png using Guid(57497123c7a49408a833dfa31b341928) Importer(815301076,1909f56bfc062723c751e8b465ee728b)  -> (artifact id: 'cb761352a36a4b27207b6b37ef07db3e') in 0.069898 seconds 
  Import took 0.072906 seconds .

